Using pre-set license
Built from '2021.1/staging' branch; Version is '2021.1.7f1 (d91830b65d9b) revision 14227504'; Using compiler version '192528614'; Build Type 'Release'
OS: 'Windows 10 Enterprise; OS build 19044.1586; Version 2009; 64bit' Language: 'en' Physical Memory: 16323 MB
BatchMode: 1, IsHumanControllingUs: 0, StartBugReporterOnCrash: 0, Is64bit: 1, IsPro: 0

 COMMAND LINE ARGUMENTS:
F:\Program Files\Unity\Hub\Editor\2021.1.7f1\Editor\Unity.exe
-adb2
-batchMode
-noUpm
-name
AssetImportWorker0
-projectPath
F:/projects/Unity/Rogue Survivor
-logFile
Logs/AssetImportWorker0.log
-srvPort
1537
Successfully changed project path to: F:/projects/Unity/Rogue Survivor
F:/projects/Unity/Rogue Survivor
Using Asset Import Pipeline V2.
Refreshing native plugins compatible for Editor in 37.51 ms, found 0 plugins.
Preloading 0 native plugins for Editor in 0.00 ms.
Initialize engine version: 2021.1.7f1 (d91830b65d9b)
[Subsystems] Discovering subsystems at path F:/Program Files/Unity/Hub/Editor/2021.1.7f1/Editor/Data/Resources/UnitySubsystems
[Subsystems] Discovering subsystems at path F:/projects/Unity/Rogue Survivor/Assets
GfxDevice: creating device client; threaded=0; jobified=0
Direct3D:
    Version:  Direct3D 11.0 [level 11.1]
    Renderer: AMD Radeon RX 5700 XT (ID=0x731f)
    Vendor:   ATI
    VRAM:     8151 MB
    Driver:   30.0.15019.1005
Shader 'Universal Render Pipeline/Particles/Lit': fallback shader 'Universal Render Pipeline/Particles/SimpleLit' not found
Initialize mono
Mono path[0] = 'F:/Program Files/Unity/Hub/Editor/2021.1.7f1/Editor/Data/Managed'
Mono path[1] = 'F:/Program Files/Unity/Hub/Editor/2021.1.7f1/Editor/Data/MonoBleedingEdge/lib/mono/unityjit'
Mono config path = 'F:/Program Files/Unity/Hub/Editor/2021.1.7f1/Editor/Data/MonoBleedingEdge/etc'
Using monoOptions --debugger-agent=transport=dt_socket,embedding=1,server=y,suspend=n,address=127.0.0.1:56900
Begin MonoManager ReloadAssembly
Registering precompiled unity dll's ...
Register platform support module: F:/Program Files/Unity/Hub/Editor/2021.1.7f1/Editor/Data/PlaybackEngines/WindowsStandaloneSupport/UnityEditor.WindowsStandalone.Extensions.dll
Registered in 0.001030 seconds.
Native extension for WindowsStandalone target not found
Refreshing native plugins compatible for Editor in 38.83 ms, found 0 plugins.
Preloading 0 native plugins for Editor in 0.00 ms.
Mono: successfully reloaded assembly
- Completed reload, in  1.119 seconds
Platform modules already initialized, skipping
Registering precompiled user dll's ...
Registered in 0.001057 seconds.
Begin MonoManager ReloadAssembly
Native extension for WindowsStandalone target not found
Refreshing native plugins compatible for Editor in 39.28 ms, found 0 plugins.
Preloading 0 native plugins for Editor in 0.00 ms.
Mono: successfully reloaded assembly
- Completed reload, in  0.801 seconds
Platform modules already initialized, skipping
========================================================================
Worker process is ready to serve import requests
Shader 'Universal Render Pipeline/Particles/Lit': fallback shader 'Universal Render Pipeline/Particles/SimpleLit' not found
Launched and connected shader compiler UnityShaderCompiler.exe after 0.03 seconds
Refreshing native plugins compatible for Editor in 0.46 ms, found 0 plugins.
Preloading 0 native plugins for Editor in 0.00 ms.
Unloading 2157 Unused Serialized files (Serialized files now loaded: 0)
System memory in use before: 107.0 MB.
System memory in use after: 107.1 MB.

Unloading 14 unused Assets to reduce memory usage. Loaded Objects now: 2614.
Total: 2.527200 ms (FindLiveObjects: 0.219900 ms CreateObjectMapping: 0.066500 ms MarkObjects: 2.151500 ms  DeleteObjects: 0.087900 ms)

========================================================================
Received Import Request.
  path: Assets
  artifactKey: Guid(00000000000000001000000000000000) Importer(815301076,1909f56bfc062723c751e8b465ee728b)
Start importing Assets using Guid(00000000000000001000000000000000) Importer(815301076,1909f56bfc062723c751e8b465ee728b)  -> (artifact id: '42d402b061de3733987d63b9cc3b64de') in 0.004426 seconds 
========================================================================
Received Import Request.
  Time since last request: 2.873257 seconds.
  path: Assets/New Folder
  artifactKey: Guid(933870e5722cd534f8503b9069e9c78c) Importer(815301076,1909f56bfc062723c751e8b465ee728b)
Start importing Assets/New Folder using Guid(933870e5722cd534f8503b9069e9c78c) Importer(815301076,1909f56bfc062723c751e8b465ee728b)  -> (artifact id: '4b21a2ae2fd89abbbd8f055edb2e4650') in 0.001292 seconds 
========================================================================
Received Import Request.
  Time since last request: 6.633123 seconds.
  path: Assets/Rendering
  artifactKey: Guid(933870e5722cd534f8503b9069e9c78c) Importer(815301076,1909f56bfc062723c751e8b465ee728b)
Start importing Assets/Rendering using Guid(933870e5722cd534f8503b9069e9c78c) Importer(815301076,1909f56bfc062723c751e8b465ee728b)  -> (artifact id: '6ce81edb20ab19d1cdd3bf58788efd59') in 0.001306 seconds 
========================================================================
Received Import Request.
  Time since last request: 34.202582 seconds.
  path: Assets/Rendering/UniversalRenderPipelineAsset.asset
  artifactKey: Guid(dcf4921b42f751f42948786edc7f4472) Importer(815301076,1909f56bfc062723c751e8b465ee728b)
Start importing Assets/Rendering/UniversalRenderPipelineAsset.asset using Guid(dcf4921b42f751f42948786edc7f4472) Importer(815301076,1909f56bfc062723c751e8b465ee728b)  -> (artifact id: '94866d3869012a634dc2496de8fbda63') in 0.027894 seconds 
========================================================================
Received Import Request.
  Time since last request: 34.922274 seconds.
  path: Assets/Rendering/UniversalRenderPipelineAsset_Renderer.asset
  artifactKey: Guid(0b9d1af0828c80f46a5840e2f4279b30) Importer(815301076,1909f56bfc062723c751e8b465ee728b)
Start importing Assets/Rendering/UniversalRenderPipelineAsset_Renderer.asset using Guid(0b9d1af0828c80f46a5840e2f4279b30) Importer(815301076,1909f56bfc062723c751e8b465ee728b)  -> (artifact id: '494138966bdc01e774d6e23a1f0e5ad1') in 0.001963 seconds 
========================================================================
Received Prepare
Switching render pipeline 00000000000000000000000000000000 -> dcf4921b42f751f42948786edc7f4472
Shader 'Universal Render Pipeline/Particles/Lit': fallback shader 'Universal Render Pipeline/Particles/SimpleLit' not found
Refreshing native plugins compatible for Editor in 1.04 ms, found 0 plugins.
Preloading 0 native plugins for Editor in 0.00 ms.
Unloading 6 Unused Serialized files (Serialized files now loaded: 0)
System memory in use before: 59.7 MB.
System memory in use after: 59.8 MB.

Unloading 4 unused Assets to reduce memory usage. Loaded Objects now: 2616.
Total: 2.557500 ms (FindLiveObjects: 0.213700 ms CreateObjectMapping: 0.055300 ms MarkObjects: 2.242400 ms  DeleteObjects: 0.045500 ms)

========================================================================
Received Prepare
Registering precompiled user dll's ...
Registered in 0.001366 seconds.
Begin MonoManager ReloadAssembly
Native extension for WindowsStandalone target not found
Refreshing native plugins compatible for Editor in 1.14 ms, found 0 plugins.
Preloading 0 native plugins for Editor in 0.00 ms.
Mono: successfully reloaded assembly
- Completed reload, in  0.798 seconds
Platform modules already initialized, skipping
Shader 'Universal Render Pipeline/Particles/Lit': fallback shader 'Universal Render Pipeline/Particles/SimpleLit' not found
Refreshing native plugins compatible for Editor in 0.96 ms, found 0 plugins.
Preloading 0 native plugins for Editor in 0.00 ms.
Unloading 2096 Unused Serialized files (Serialized files now loaded: 0)
System memory in use before: 103.4 MB.
System memory in use after: 103.5 MB.

Unloading 6 unused Assets to reduce memory usage. Loaded Objects now: 2619.
Total: 2.356200 ms (FindLiveObjects: 0.202400 ms CreateObjectMapping: 0.054800 ms MarkObjects: 2.037900 ms  DeleteObjects: 0.060000 ms)

========================================================================
Received Import Request.
  Time since last request: 304.351484 seconds.
  path: Assets/CourseAssets/Animation
  artifactKey: Guid(5f1cf91b8b0a2ef4d9ca80f159deceaf) Importer(815301076,1909f56bfc062723c751e8b465ee728b)
Start importing Assets/CourseAssets/Animation using Guid(5f1cf91b8b0a2ef4d9ca80f159deceaf) Importer(815301076,1909f56bfc062723c751e8b465ee728b)  -> (artifact id: '6fb58d30d5088a096cfba28fcc178622') in 0.004657 seconds 
========================================================================
Received Import Request.
  Time since last request: 1.842112 seconds.
  path: Assets/CourseAssets/Animation/Bosses
  artifactKey: Guid(6a06d0651dcee0541a6e5156b7682279) Importer(815301076,1909f56bfc062723c751e8b465ee728b)
Start importing Assets/CourseAssets/Animation/Bosses using Guid(6a06d0651dcee0541a6e5156b7682279) Importer(815301076,1909f56bfc062723c751e8b465ee728b)  -> (artifact id: '08fdbe01e53fa19ad7d2ebf0d4ed81bb') in 0.001341 seconds 
========================================================================
Received Import Request.
  Time since last request: 2.069576 seconds.
  path: Assets/CourseAssets/Animation/Bosses/SkullFace
  artifactKey: Guid(151d86efc6d3e384c8843fe806172c4b) Importer(815301076,1909f56bfc062723c751e8b465ee728b)
Start importing Assets/CourseAssets/Animation/Bosses/SkullFace using Guid(151d86efc6d3e384c8843fe806172c4b) Importer(815301076,1909f56bfc062723c751e8b465ee728b)  -> (artifact id: '8b9a0ad51db693621c14b4021a110deb') in 0.001272 seconds 
========================================================================
Received Import Request.
  Time since last request: 2.025263 seconds.
  path: Assets/CourseAssets/Animation/Bosses/SkullFace/SkullFaceIdleDown.anim
  artifactKey: Guid(4cca1243d6d2cb64ea06f5ab5665abe3) Importer(815301076,1909f56bfc062723c751e8b465ee728b)
Start importing Assets/CourseAssets/Animation/Bosses/SkullFace/SkullFaceIdleDown.anim using Guid(4cca1243d6d2cb64ea06f5ab5665abe3) Importer(815301076,1909f56bfc062723c751e8b465ee728b)  -> (artifact id: '234a36291954080980beeef9966c887f') in 0.009865 seconds 
========================================================================
Received Import Request.
  Time since last request: 0.167574 seconds.
  path: Assets/CourseAssets/Animation/Bosses/SkullFace/SkullFace.controller
  artifactKey: Guid(2a6e05932cc7db243b3bb6296cff5612) Importer(815301076,1909f56bfc062723c751e8b465ee728b)
Start importing Assets/CourseAssets/Animation/Bosses/SkullFace/SkullFace.controller using Guid(2a6e05932cc7db243b3bb6296cff5612) Importer(815301076,1909f56bfc062723c751e8b465ee728b)  -> (artifact id: '64ac11b7a4ef72d2236189c50cbeb746') in 0.010552 seconds 
========================================================================
Received Import Request.
  Time since last request: 5.409843 seconds.
  path: Assets/CourseAssets/Animation/Bosses/SkullFace/SkullFaceIdleLeft.anim
  artifactKey: Guid(db3c4c3ea5e2f344490a3afacb3e7367) Importer(815301076,1909f56bfc062723c751e8b465ee728b)
Start importing Assets/CourseAssets/Animation/Bosses/SkullFace/SkullFaceIdleLeft.anim using Guid(db3c4c3ea5e2f344490a3afacb3e7367) Importer(815301076,1909f56bfc062723c751e8b465ee728b)  -> (artifact id: 'e7cc95298f9f1a08f953462083571e36') in 0.002243 seconds 
========================================================================
Received Import Request.
  Time since last request: 1.012559 seconds.
  path: Assets/CourseAssets/Animation/Bosses/SkullFace/SkullFaceMoveLeft.anim
  artifactKey: Guid(91adc58321851e546bc1993e8b0a48d3) Importer(815301076,1909f56bfc062723c751e8b465ee728b)
Start importing Assets/CourseAssets/Animation/Bosses/SkullFace/SkullFaceMoveLeft.anim using Guid(91adc58321851e546bc1993e8b0a48d3) Importer(815301076,1909f56bfc062723c751e8b465ee728b)  -> (artifact id: 'ee2d59b20c54e5fbe4969187769d3d40') in 0.002333 seconds 
========================================================================
Received Import Request.
  Time since last request: 93.273444 seconds.
  path: Assets/CourseAssets
  artifactKey: Guid(26124588896f3804da1e87dd6d404eac) Importer(815301076,1909f56bfc062723c751e8b465ee728b)
Start importing Assets/CourseAssets using Guid(26124588896f3804da1e87dd6d404eac) Importer(815301076,1909f56bfc062723c751e8b465ee728b)  -> (artifact id: '834ae94d3f05e4b53b8ca55b51dbe810') in 0.001321 seconds 
========================================================================
Received Import Request.
  Time since last request: 10.508727 seconds.
  path: Assets/Scenes
  artifactKey: Guid(127e49407bff4404fabf9bc4456cb4ef) Importer(815301076,1909f56bfc062723c751e8b465ee728b)
Start importing Assets/Scenes using Guid(127e49407bff4404fabf9bc4456cb4ef) Importer(815301076,1909f56bfc062723c751e8b465ee728b)  -> (artifact id: '9ed9a59d341c72dc1698ec039cc01790') in 0.001267 seconds 
========================================================================
Received Import Request.
  Time since last request: 2556.878303 seconds.
  path: Assets/CourseAssets/Layers/TagManager.preset
  artifactKey: Guid(557ff6b3392913d429119140890cf688) Importer(815301076,1909f56bfc062723c751e8b465ee728b)
Start importing Assets/CourseAssets/Layers/TagManager.preset using Guid(557ff6b3392913d429119140890cf688) Importer(815301076,1909f56bfc062723c751e8b465ee728b)  -> (artifact id: '42076532d9075345b0affbaeb45fa249') in 0.004701 seconds 
========================================================================
Received Import Request.
  Time since last request: 14.010227 seconds.
  path: ProjectSettings/TagManager.asset
  artifactKey: Guid(00000000000000003000000000000000) Importer(815301076,1909f56bfc062723c751e8b465ee728b)
Start importing ProjectSettings/TagManager.asset using Guid(00000000000000003000000000000000) Importer(815301076,1909f56bfc062723c751e8b465ee728b)  -> (artifact id: '5d1b185f36b6a1ce3c7fc5c744c67de5') in 0.002135 seconds 
========================================================================
Received Import Request.
  Time since last request: 124.934494 seconds.
  path: Assets/CourseAssets/Animation/Player/TheGeneral/TheGeneralIdleDown.anim
  artifactKey: Guid(1bcc203884342bd4ea52b08d659b9003) Importer(815301076,1909f56bfc062723c751e8b465ee728b)
Start importing Assets/CourseAssets/Animation/Player/TheGeneral/TheGeneralIdleDown.anim using Guid(1bcc203884342bd4ea52b08d659b9003) Importer(815301076,1909f56bfc062723c751e8b465ee728b)  -> (artifact id: '5fb67ee74dc65ece5485d0c789e994cd') in 0.002488 seconds 
========================================================================
Received Import Request.
  Time since last request: 0.745028 seconds.
  path: Assets/CourseAssets/Animation/Player/TheGeneral/TheGeneral.controller
  artifactKey: Guid(e87ce176a15556c459b355908992b930) Importer(815301076,1909f56bfc062723c751e8b465ee728b)
Start importing Assets/CourseAssets/Animation/Player/TheGeneral/TheGeneral.controller using Guid(e87ce176a15556c459b355908992b930) Importer(815301076,1909f56bfc062723c751e8b465ee728b)  -> (artifact id: 'a4bbe32b09f7624005219022994b9d0e') in 0.013159 seconds 
========================================================================
Received Import Request.
  Time since last request: 135.984329 seconds.
  path: Assets/CourseAssets/Animation/Bosses/SkullFace/SkullFaceMoveDown.anim
  artifactKey: Guid(d9c1639e047289b4fbb52fe10628b3dd) Importer(815301076,1909f56bfc062723c751e8b465ee728b)
Start importing Assets/CourseAssets/Animation/Bosses/SkullFace/SkullFaceMoveDown.anim using Guid(d9c1639e047289b4fbb52fe10628b3dd) Importer(815301076,1909f56bfc062723c751e8b465ee728b)  -> (artifact id: '694720c37f530903e2c2c2ec89176419') in 0.002319 seconds 
========================================================================
Received Import Request.
  Time since last request: 679.468395 seconds.
  path: Assets/CourseAssets/Fonts/dlxfont.asset
  artifactKey: Guid(dfe1ba23c638bec49a583843476bb5c9) Importer(815301076,1909f56bfc062723c751e8b465ee728b)
Start importing Assets/CourseAssets/Fonts/dlxfont.asset using Guid(dfe1ba23c638bec49a583843476bb5c9) Importer(815301076,1909f56bfc062723c751e8b465ee728b)  -> (artifact id: '24b7d9129ef1962024f4d169ef6367c9') in 0.355076 seconds 
========================================================================
Received Import Request.
  Time since last request: 18.093828 seconds.
  path: Assets/CourseAssets/Fonts/dlxfont.ttf
  artifactKey: Guid(b88d2d65f822f874c995271ef43f2607) Importer(815301076,1909f56bfc062723c751e8b465ee728b)
Start importing Assets/CourseAssets/Fonts/dlxfont.ttf using Guid(b88d2d65f822f874c995271ef43f2607) Importer(815301076,1909f56bfc062723c751e8b465ee728b)  -> (artifact id: '0c011a7c307f1c0b1ffe64807de3e6a3') in 0.019832 seconds 
========================================================================
Received Import Request.
  Time since last request: 50.626548 seconds.
  path: Assets/CourseAssets/Materials/Furniture.physicsMaterial2D
  artifactKey: Guid(df97f92c76b6aba458a6440adbcf8342) Importer(815301076,1909f56bfc062723c751e8b465ee728b)
Start importing Assets/CourseAssets/Materials/Furniture.physicsMaterial2D using Guid(df97f92c76b6aba458a6440adbcf8342) Importer(815301076,1909f56bfc062723c751e8b465ee728b)  -> (artifact id: '2e37f3a6d3225f7623067a9dc1a0b052') in 0.003942 seconds 
========================================================================
Received Import Request.
  Time since last request: 2.200462 seconds.
  path: Assets/CourseAssets/Materials/Enemy
  artifactKey: Guid(b4fa62975125c1d4b8ec997ca52e1bd1) Importer(815301076,1909f56bfc062723c751e8b465ee728b)
Start importing Assets/CourseAssets/Materials/Enemy using Guid(b4fa62975125c1d4b8ec997ca52e1bd1) Importer(815301076,1909f56bfc062723c751e8b465ee728b)  -> (artifact id: '83405e64668042a8c725378258b5617f') in 0.001615 seconds 
========================================================================
Received Import Request.
  Time since last request: 0.739771 seconds.
  path: Assets/CourseAssets/Textures/Sprites/Player/TheGeneral/TheGeneralMiniMapIcon.png
  artifactKey: Guid(709f49100a0267f419aa33d571fb9d25) Importer(815301076,1909f56bfc062723c751e8b465ee728b)
Start importing Assets/CourseAssets/Textures/Sprites/Player/TheGeneral/TheGeneralMiniMapIcon.png using Guid(709f49100a0267f419aa33d571fb9d25) Importer(815301076,1909f56bfc062723c751e8b465ee728b)  -> (artifact id: '2f79401def50a4602445bcccab64c08a') in 0.155307 seconds 
========================================================================
Received Import Request.
  Time since last request: 5.438692 seconds.
  path: Assets/CourseAssets/Textures/Sprites/Shapes/WhiteSquare1x1.png
  artifactKey: Guid(bb7ccf2391a6a544ab96e81e36b6a0ed) Importer(815301076,1909f56bfc062723c751e8b465ee728b)
Start importing Assets/CourseAssets/Textures/Sprites/Shapes/WhiteSquare1x1.png using Guid(bb7ccf2391a6a544ab96e81e36b6a0ed) Importer(815301076,1909f56bfc062723c751e8b465ee728b)  -> (artifact id: '4b1c49d18cf9d92398713f608cb937a0') in 0.006731 seconds 
========================================================================
Received Import Request.
  Time since last request: 4.740167 seconds.
  path: Assets/CourseAssets/Shaders/DungeonLightShader_Dimmed.shadergraph
  artifactKey: Guid(a35e9f660aeac4b4188308b3cef079f7) Importer(815301076,1909f56bfc062723c751e8b465ee728b)
Start importing Assets/CourseAssets/Shaders/DungeonLightShader_Dimmed.shadergraph using Guid(a35e9f660aeac4b4188308b3cef079f7) Importer(815301076,1909f56bfc062723c751e8b465ee728b)  -> (artifact id: '99e1cfa7beb948bf299d9aa80e1f6ba1') in 0.004724 seconds 
========================================================================
Received Import Request.
  Time since last request: 3.852864 seconds.
  path: Assets/CourseAssets/Shaders/EmissionShader.shadergraph
  artifactKey: Guid(2a9b1fe0f3a47ee489d889f6b8f1a0e1) Importer(815301076,1909f56bfc062723c751e8b465ee728b)
Start importing Assets/CourseAssets/Shaders/EmissionShader.shadergraph using Guid(2a9b1fe0f3a47ee489d889f6b8f1a0e1) Importer(815301076,1909f56bfc062723c751e8b465ee728b)  -> (artifact id: '1ff38252c15a78db2d5ec0b1baeb72fc') in 0.002320 seconds 
========================================================================
Received Import Request.
  Time since last request: 0.674208 seconds.
  path: Assets/CourseAssets/Shaders/FlameShader.shadergraph
  artifactKey: Guid(f15d3b3ce6fc5884d9aadef7d8573074) Importer(815301076,1909f56bfc062723c751e8b465ee728b)
Start importing Assets/CourseAssets/Shaders/FlameShader.shadergraph using Guid(f15d3b3ce6fc5884d9aadef7d8573074) Importer(815301076,1909f56bfc062723c751e8b465ee728b)  -> (artifact id: '19c34e107dec40bd42ea46ffa62863ba') in 0.002615 seconds 
========================================================================
Received Import Request.
  Time since last request: 0.600091 seconds.
  path: Assets/CourseAssets/Shaders/MaterialiseShader.shadergraph
  artifactKey: Guid(5fec8f8e6ea244648a3c6ede24a56288) Importer(815301076,1909f56bfc062723c751e8b465ee728b)
Start importing Assets/CourseAssets/Shaders/MaterialiseShader.shadergraph using Guid(5fec8f8e6ea244648a3c6ede24a56288) Importer(815301076,1909f56bfc062723c751e8b465ee728b)  -> (artifact id: '05dbf24716565f218ae5d7a6cc8ed6ce') in 0.002510 seconds 
========================================================================
Received Import Request.
  Time since last request: 4.338767 seconds.
  path: Assets/CourseAssets/Sounds
  artifactKey: Guid(9f5670ba8f2c8a94797674ece59bf6d7) Importer(815301076,1909f56bfc062723c751e8b465ee728b)
Start importing Assets/CourseAssets/Sounds using Guid(9f5670ba8f2c8a94797674ece59bf6d7) Importer(815301076,1909f56bfc062723c751e8b465ee728b)  -> (artifact id: '9f8d9b59521009d3150997bd7cb74f27') in 0.001524 seconds 
========================================================================
Received Import Request.
  Time since last request: 2.844154 seconds.
  path: Assets/CourseAssets/Sounds/Music/Boss Battle.ogg
  artifactKey: Guid(70298172d88ca2b4fb08d70a5c52c99b) Importer(815301076,1909f56bfc062723c751e8b465ee728b)
Start importing Assets/CourseAssets/Sounds/Music/Boss Battle.ogg using Guid(70298172d88ca2b4fb08d70a5c52c99b) Importer(815301076,1909f56bfc062723c751e8b465ee728b)  -> (artifact id: '3e8860f7573bcddafdb705cf71caed02') in 0.017291 seconds 
========================================================================
Received Import Request.
  Time since last request: 20.848619 seconds.
  path: Assets/CourseAssets/Textures/Minimap/Minimap Render Texture.renderTexture
  artifactKey: Guid(755dcbdcd5cb23c42b684a8fdf9dec08) Importer(815301076,1909f56bfc062723c751e8b465ee728b)
Start importing Assets/CourseAssets/Textures/Minimap/Minimap Render Texture.renderTexture using Guid(755dcbdcd5cb23c42b684a8fdf9dec08) Importer(815301076,1909f56bfc062723c751e8b465ee728b)  -> (artifact id: 'fc3078dbd4577bbbc3e9d9a3e989da22') in 0.008755 seconds 
========================================================================
Received Import Request.
  Time since last request: 7.708908 seconds.
  path: Assets/CourseAssets/Textures/Sprites/Bosses/SkullFace/SkullFaceHand.png
  artifactKey: Guid(dce425a8b19277f4ca106282c64d692a) Importer(815301076,1909f56bfc062723c751e8b465ee728b)
Start importing Assets/CourseAssets/Textures/Sprites/Bosses/SkullFace/SkullFaceHand.png using Guid(dce425a8b19277f4ca106282c64d692a) Importer(815301076,1909f56bfc062723c751e8b465ee728b)  -> (artifact id: 'ae0d452b91d076f4b1ed317028c16019') in 0.006467 seconds 
========================================================================
Received Import Request.
  Time since last request: 1.836685 seconds.
  path: Assets/CourseAssets/Textures/Sprites/Bosses/SkullFace/SkullFaceIdleDown.png
  artifactKey: Guid(7bdbf47b0efa80f4b8f0b72e6571c9da) Importer(815301076,1909f56bfc062723c751e8b465ee728b)
Start importing Assets/CourseAssets/Textures/Sprites/Bosses/SkullFace/SkullFaceIdleDown.png using Guid(7bdbf47b0efa80f4b8f0b72e6571c9da) Importer(815301076,1909f56bfc062723c751e8b465ee728b)  -> (artifact id: 'fd896260f1d090641fd29bcc79c7eb24') in 0.011016 seconds 
========================================================================
Received Import Request.
  Time since last request: 23.975363 seconds.
  path: Assets/CourseAssets/Textures/Sprites/Bosses/SkullFace/SkullFaceIdleRight.png
  artifactKey: Guid(0a7a189e97ec1b344870a45fcae7c90a) Importer(815301076,1909f56bfc062723c751e8b465ee728b)
Start importing Assets/CourseAssets/Textures/Sprites/Bosses/SkullFace/SkullFaceIdleRight.png using Guid(0a7a189e97ec1b344870a45fcae7c90a) Importer(815301076,1909f56bfc062723c751e8b465ee728b)  -> (artifact id: '89267ec9b6b822fd2d743c906b9b13c5') in 0.012087 seconds 
========================================================================
Received Import Request.
  Time since last request: 0.497114 seconds.
  path: Assets/CourseAssets/Textures/Sprites/Bosses/SkullFace/SkullFaceIdleUp.png
  artifactKey: Guid(969e2c49626c94948a5f0ca92b0de676) Importer(815301076,1909f56bfc062723c751e8b465ee728b)
Start importing Assets/CourseAssets/Textures/Sprites/Bosses/SkullFace/SkullFaceIdleUp.png using Guid(969e2c49626c94948a5f0ca92b0de676) Importer(815301076,1909f56bfc062723c751e8b465ee728b)  -> (artifact id: 'f129bb5c9485a4af7737a35f4c9c69f0') in 0.011746 seconds 
========================================================================
Received Import Request.
  Time since last request: 0.473645 seconds.
  path: Assets/CourseAssets/Textures/Sprites/Bosses/SkullFace/SkullFaceIdleUpRight.png
  artifactKey: Guid(3f0fa0de2619daf4ab287659abdf777a) Importer(815301076,1909f56bfc062723c751e8b465ee728b)
Start importing Assets/CourseAssets/Textures/Sprites/Bosses/SkullFace/SkullFaceIdleUpRight.png using Guid(3f0fa0de2619daf4ab287659abdf777a) Importer(815301076,1909f56bfc062723c751e8b465ee728b)  -> (artifact id: '741f1998cab5f3ab35cf1e6d50466167') in 0.012377 seconds 
========================================================================
Received Import Request.
  Time since last request: 0.518409 seconds.
  path: Assets/CourseAssets/Textures/Sprites/Bosses/SkullFace/SkullFaceMoveRight.png
  artifactKey: Guid(35918f2f851743844bceb8d49700be44) Importer(815301076,1909f56bfc062723c751e8b465ee728b)
Start importing Assets/CourseAssets/Textures/Sprites/Bosses/SkullFace/SkullFaceMoveRight.png using Guid(35918f2f851743844bceb8d49700be44) Importer(815301076,1909f56bfc062723c751e8b465ee728b)  -> (artifact id: '503d176c50c64c2587b5d79800910147') in 0.013072 seconds 
========================================================================
Received Import Request.
  Time since last request: 0.531398 seconds.
  path: Assets/CourseAssets/Textures/Sprites/Bosses/SkullFace/SkullFaceMoveUp.png
  artifactKey: Guid(c75ae56b863d4804f8f550d4189a1959) Importer(815301076,1909f56bfc062723c751e8b465ee728b)
Start importing Assets/CourseAssets/Textures/Sprites/Bosses/SkullFace/SkullFaceMoveUp.png using Guid(c75ae56b863d4804f8f550d4189a1959) Importer(815301076,1909f56bfc062723c751e8b465ee728b)  -> (artifact id: '22d70db9b422b9ee2d908167f91479b6') in 0.011765 seconds 
========================================================================
Received Import Request.
  Time since last request: 3.858894 seconds.
  path: Assets/CourseAssets/Textures/Sprites/Bosses/SkullFace/SkullFaceMoveUpRight.png
  artifactKey: Guid(9358a983d2a8b9f47bf88cf3b81fb524) Importer(815301076,1909f56bfc062723c751e8b465ee728b)
Start importing Assets/CourseAssets/Textures/Sprites/Bosses/SkullFace/SkullFaceMoveUpRight.png using Guid(9358a983d2a8b9f47bf88cf3b81fb524) Importer(815301076,1909f56bfc062723c751e8b465ee728b)  -> (artifact id: 'bc4c7a2e3eff0616d529ab69ce151b66') in 0.015101 seconds 
========================================================================
Received Import Request.
  Time since last request: 13.238174 seconds.
  path: Assets/CourseAssets/Textures/Sprites/Cursor/Cursor.png
  artifactKey: Guid(88540b2c8e3d3004592f56f61aa04d61) Importer(815301076,1909f56bfc062723c751e8b465ee728b)
Start importing Assets/CourseAssets/Textures/Sprites/Cursor/Cursor.png using Guid(88540b2c8e3d3004592f56f61aa04d61) Importer(815301076,1909f56bfc062723c751e8b465ee728b)  -> (artifact id: '4c019c1bf672c60ccc4e18cd6744bdfd') in 0.006543 seconds 
========================================================================
Received Import Request.
  Time since last request: 55.135545 seconds.
  path: Assets/CourseAssets/Textures/Sprite Atlas.spriteatlas
  artifactKey: Guid(072626f7873ef034daa06b744980e593) Importer(815301076,1909f56bfc062723c751e8b465ee728b)
Start importing Assets/CourseAssets/Textures/Sprite Atlas.spriteatlas using Guid(072626f7873ef034daa06b744980e593) Importer(815301076,1909f56bfc062723c751e8b465ee728b)  -> (artifact id: '132eaab5c2cb36477e8bf91c04094c3a') in 0.019048 seconds 
========================================================================
Received Import Request.
  Time since last request: 51.283670 seconds.
  path: Assets/CourseAssets/Tilemap/CustomBrushScripts/CoordinateBrush/Editor/CoordinateBrush.cs
  artifactKey: Guid(097a1f264e8824c4bb5951bd3b4f83d5) Importer(815301076,1909f56bfc062723c751e8b465ee728b)
Start importing Assets/CourseAssets/Tilemap/CustomBrushScripts/CoordinateBrush/Editor/CoordinateBrush.cs using Guid(097a1f264e8824c4bb5951bd3b4f83d5) Importer(815301076,1909f56bfc062723c751e8b465ee728b)  -> (artifact id: 'da555b6fa9370c71cbd7a7735f6f200f') in 0.007233 seconds 
========================================================================
Received Import Request.
  Time since last request: 7.158577 seconds.
  path: Assets/CourseAssets/Tilemap/Palettes/Blood/Blood.prefab
  artifactKey: Guid(0e181867d98bbfe4f8172c6b9a0db408) Importer(815301076,1909f56bfc062723c751e8b465ee728b)
Start importing Assets/CourseAssets/Tilemap/Palettes/Blood/Blood.prefab using Guid(0e181867d98bbfe4f8172c6b9a0db408) Importer(815301076,1909f56bfc062723c751e8b465ee728b)  -> (artifact id: '1cae1aa1c38e2cfa392abbaf1c82ab08') in 0.011381 seconds 
AssetImportWorkerClient::OnTransportError - code=2 error=End of file
