Using pre-set license
Built from '2021.1/staging' branch; Version is '2021.1.7f1 (d91830b65d9b) revision 14227504'; Using compiler version '192528614'; Build Type 'Release'
OS: 'Windows 10 Enterprise; OS build 19044.1586; Version 2009; 64bit' Language: 'en' Physical Memory: 16323 MB
BatchMode: 1, IsHumanControllingUs: 0, StartBugReporterOnCrash: 0, Is64bit: 1, IsPro: 0

 COMMAND LINE ARGUMENTS:
F:\Program Files\Unity\Hub\Editor\2021.1.7f1\Editor\Unity.exe
-adb2
-batchMode
-noUpm
-name
AssetImportWorker0
-projectPath
F:/projects/Unity/Rogue Survivor
-logFile
Logs/AssetImportWorker0.log
-srvPort
1234
Successfully changed project path to: F:/projects/Unity/Rogue Survivor
F:/projects/Unity/Rogue Survivor
Using Asset Import Pipeline V2.
Refreshing native plugins compatible for Editor in 93.57 ms, found 0 plugins.
Preloading 0 native plugins for Editor in 0.00 ms.
Initialize engine version: 2021.1.7f1 (d91830b65d9b)
[Subsystems] Discovering subsystems at path F:/Program Files/Unity/Hub/Editor/2021.1.7f1/Editor/Data/Resources/UnitySubsystems
[Subsystems] Discovering subsystems at path F:/projects/Unity/Rogue Survivor/Assets
GfxDevice: creating device client; threaded=0; jobified=0
Direct3D:
    Version:  Direct3D 11.0 [level 11.1]
    Renderer: AMD Radeon RX 5700 XT (ID=0x731f)
    Vendor:   ATI
    VRAM:     8151 MB
    Driver:   30.0.15019.1005
Shader 'Universal Render Pipeline/Particles/Lit': fallback shader 'Universal Render Pipeline/Particles/SimpleLit' not found
Initialize mono
Mono path[0] = 'F:/Program Files/Unity/Hub/Editor/2021.1.7f1/Editor/Data/Managed'
Mono path[1] = 'F:/Program Files/Unity/Hub/Editor/2021.1.7f1/Editor/Data/MonoBleedingEdge/lib/mono/unityjit'
Mono config path = 'F:/Program Files/Unity/Hub/Editor/2021.1.7f1/Editor/Data/MonoBleedingEdge/etc'
Using monoOptions --debugger-agent=transport=dt_socket,embedding=1,server=y,suspend=n,address=127.0.0.1:56840
Begin MonoManager ReloadAssembly
Registering precompiled unity dll's ...
Register platform support module: F:/Program Files/Unity/Hub/Editor/2021.1.7f1/Editor/Data/PlaybackEngines/WindowsStandaloneSupport/UnityEditor.WindowsStandalone.Extensions.dll
Registered in 0.001229 seconds.
Native extension for WindowsStandalone target not found
Refreshing native plugins compatible for Editor in 105.33 ms, found 0 plugins.
Preloading 0 native plugins for Editor in 0.00 ms.
Mono: successfully reloaded assembly
- Completed reload, in  1.455 seconds
Platform modules already initialized, skipping
Registering precompiled user dll's ...
Registered in 0.002517 seconds.
Begin MonoManager ReloadAssembly
Native extension for WindowsStandalone target not found
Refreshing native plugins compatible for Editor in 98.90 ms, found 0 plugins.
Preloading 0 native plugins for Editor in 0.00 ms.
Mono: successfully reloaded assembly
- Completed reload, in  0.998 seconds
Platform modules already initialized, skipping
========================================================================
Worker process is ready to serve import requests
Shader 'Universal Render Pipeline/Particles/Lit': fallback shader 'Universal Render Pipeline/Particles/SimpleLit' not found
Launched and connected shader compiler UnityShaderCompiler.exe after 0.11 seconds
Refreshing native plugins compatible for Editor in 1.19 ms, found 0 plugins.
Preloading 0 native plugins for Editor in 0.00 ms.
Unloading 2212 Unused Serialized files (Serialized files now loaded: 0)
System memory in use before: 115.6 MB.
System memory in use after: 115.7 MB.

Unloading 14 unused Assets to reduce memory usage. Loaded Objects now: 2667.
Total: 2.549900 ms (FindLiveObjects: 0.287600 ms CreateObjectMapping: 0.063900 ms MarkObjects: 2.076900 ms  DeleteObjects: 0.119800 ms)

========================================================================
Received Import Request.
  path: Assets/Scripts
  artifactKey: Guid(4ef8b5a503dd6f640b904febdf0c5ac0) Importer(815301076,1909f56bfc062723c751e8b465ee728b)
Start importing Assets/Scripts using Guid(4ef8b5a503dd6f640b904febdf0c5ac0) Importer(815301076,1909f56bfc062723c751e8b465ee728b)  -> (artifact id: '834269d3e31b6bb68bcc27fc0ddbda6e') in 0.005662 seconds 
========================================================================
Received Import Request.
  Time since last request: 11.891610 seconds.
  path: Assets/Scripts/Note
  artifactKey: Guid(65b736770eee0b24db97e01ea0fd1b8a) Importer(815301076,1909f56bfc062723c751e8b465ee728b)
Start importing Assets/Scripts/Note using Guid(65b736770eee0b24db97e01ea0fd1b8a) Importer(815301076,1909f56bfc062723c751e8b465ee728b)  -> (artifact id: '4f9e72eed8c1e72a5b554d8c712cf5f0') in 0.001748 seconds 
========================================================================
Received Import Request.
  Time since last request: 7.449744 seconds.
  path: Assets/Scripts/NodeGraph
  artifactKey: Guid(65b736770eee0b24db97e01ea0fd1b8a) Importer(815301076,1909f56bfc062723c751e8b465ee728b)
Start importing Assets/Scripts/NodeGraph using Guid(65b736770eee0b24db97e01ea0fd1b8a) Importer(815301076,1909f56bfc062723c751e8b465ee728b)  -> (artifact id: 'd0ce429510e09f7511a1d7449848d61e') in 0.001444 seconds 
========================================================================
Received Import Request.
  Time since last request: 6.279838 seconds.
  path: Assets/Scripts/NodeGraph/Editor
  artifactKey: Guid(5093758f506df44489414bb5ecd9eca5) Importer(815301076,1909f56bfc062723c751e8b465ee728b)
Start importing Assets/Scripts/NodeGraph/Editor using Guid(5093758f506df44489414bb5ecd9eca5) Importer(815301076,1909f56bfc062723c751e8b465ee728b)  -> (artifact id: '1e5513e2738f4243dd6fc957f55a7abb') in 0.001776 seconds 
========================================================================
Received Import Request.
  Time since last request: 23.054409 seconds.
  path: Assets/Scripts/NodeGraph/Editor/RoomNodeGraphEditor.cs
  artifactKey: Guid(9403c3f53d9e70d4ea4cc8f00152f5fc) Importer(815301076,1909f56bfc062723c751e8b465ee728b)
Start importing Assets/Scripts/NodeGraph/Editor/RoomNodeGraphEditor.cs using Guid(9403c3f53d9e70d4ea4cc8f00152f5fc) Importer(815301076,1909f56bfc062723c751e8b465ee728b)  -> (artifact id: '7d457d9847e41932867a996be1fbc5c1') in 0.049347 seconds 
========================================================================
Received Prepare
Registering precompiled user dll's ...
Registered in 0.002438 seconds.
Begin MonoManager ReloadAssembly
Native extension for WindowsStandalone target not found
Refreshing native plugins compatible for Editor in 1.01 ms, found 0 plugins.
Preloading 0 native plugins for Editor in 0.00 ms.
Mono: successfully reloaded assembly
- Completed reload, in  0.817 seconds
Platform modules already initialized, skipping
Shader 'Universal Render Pipeline/Particles/Lit': fallback shader 'Universal Render Pipeline/Particles/SimpleLit' not found
Refreshing native plugins compatible for Editor in 1.38 ms, found 0 plugins.
Preloading 0 native plugins for Editor in 0.00 ms.
Unloading 2097 Unused Serialized files (Serialized files now loaded: 0)
System memory in use before: 107.9 MB.
System memory in use after: 108.0 MB.

Unloading 6 unused Assets to reduce memory usage. Loaded Objects now: 2670.
Total: 2.473700 ms (FindLiveObjects: 0.261700 ms CreateObjectMapping: 0.059900 ms MarkObjects: 2.065600 ms  DeleteObjects: 0.085300 ms)

AssetImportWorkerClient::OnTransportError - code=2 error=End of file
